<?xml version="1.0" encoding="UTF-8"?>
<!-- Generated by org.testng.reporters.JUnitReportReporter -->
<testsuite hostname="Alex" failures="0" tests="6" name="tests.Tests" time="37.217" errors="0" timestamp="2021-07-16T00:43:03 IDT" skipped="0">
  <testcase classname="tests.Tests" name="loginPageVerification" time="0.075"/>
  <system-out/>
  <testcase classname="tests.Tests" name="successfullyLoginRedirectToMapPage" time="2.988"/>
  <system-out/>
  <testcase classname="tests.Tests" name="cleanupAccountAndEnablePlanning" time="5.840"/>
  <system-out/>
  <testcase classname="tests.Tests" name="createANewTeam" time="6.068"/>
  <system-out/>
  <testcase classname="tests.Tests" name="addDrivers" time="5.751"/>
  <system-out/>
  <testcase classname="tests.Tests" name="createOrder" time="16.495"/>
  <system-out/>
</testsuite> <!-- tests.Tests -->
